GET /api/persons 200 231 - 27.067 ms
GET /api/persons/1 200 53 - 1.257 ms
GET /api/persons/2 200 57 - 0.705 ms
GET /api/persons/3 200 55 - 0.428 ms
GET /api/persons 304 - - 0.928 ms
GET /info 200 93 - 1.007 ms
GET /api/persons 304 - - 0.638 ms
GET /api/persons 304 - - 1.346 ms
GET /api/persons 200 1375 - 10.902 ms
GET /api/persons 200 1373 - 12.357 ms
GET /api/persons 200 1143 - 7.733 ms
GET /api/persons 304 - - 27.520 ms
GET /api/persons 304 - - 1.018 ms
POST /api/persons 200 48 - 0.870 ms
GET /api/persons 200 1192 - 0.689 ms
POST /api/persons 200 51 - 0.654 ms
GET /api/persons 200 1244 - 0.674 ms
DELETE /api/persons 404 153 - 0.977 ms
GET /api/persons 304 - - 0.692 ms
GET /api/persons 304 - - 0.818 ms
DELETE /api/persons 404 153 - 0.378 ms
GET /api/persons 304 - - 1.682 ms
